2025-06-03T15:22:04.538352+0200 INFO Starting training iteration 1 of 3
2025-06-03T15:22:04.560353+0200 INFO No previous run_id, creating new model.
2025-06-03T15:24:55.282463+0200 INFO Starting training iteration 1 of 3
2025-06-03T15:24:55.310465+0200 INFO No previous run_id, creating new model.
2025-06-03T15:25:08.519025+0200 INFO Model performances: {'MSE': 34973793.954990804, 'MAE': 4821.262713674558, 'R²': 0.7617015747946482}
2025-06-03T15:28:46.859667+0200 INFO Starting training iteration 1 of 3
2025-06-03T15:28:46.885672+0200 INFO No previous run_id, creating new model.
2025-06-03T15:29:05.037246+0200 INFO Model performances: {'MSE': 33237505.552540798, 'MAE': 4687.852842381629, 'R²': 0.7735319982408042}
2025-06-03T15:29:17.994242+0200 INFO Run 1 terminé, run_id=81fa44b7008447dea8bcdb8c43d491ac
2025-06-03T15:29:18.025244+0200 INFO Starting training iteration 2 of 3
2025-06-03T15:29:18.046243+0200 INFO Loading model from previous run_id: 81fa44b7008447dea8bcdb8c43d491ac
2025-06-03T15:30:04.739809+0200 INFO Model performances: {'MSE': 21231583.900775373, 'MAE': 3571.295779675299, 'R²': 0.8553358833565129}
2025-06-03T15:30:16.022810+0200 INFO Run 2 terminé, run_id=be2a76ec03014e058b96a6e7dd9170b3
2025-06-03T15:30:16.062812+0200 INFO Starting training iteration 3 of 3
2025-06-03T15:30:16.087810+0200 INFO Loading model from previous run_id: be2a76ec03014e058b96a6e7dd9170b3
2025-06-03T15:30:46.160811+0200 INFO Model performances: {'MSE': 21219456.511233926, 'MAE': 3552.0308671160647, 'R²': 0.8554185148786548}
2025-06-03T15:30:57.167809+0200 INFO Run 3 terminé, run_id=171c7cfe3b9b4a0cb7357654b4c159f6
2025-06-03T15:35:19.017596+0200 INFO Starting training iteration 1 of 3
2025-06-03T15:35:19.041597+0200 INFO No previous run_id, creating new model.
2025-06-03T15:35:39.539113+0200 INFO Model performances: {'MSE': 16521030.275585633, 'MAE': 2818.265915304674, 'R²': 0.8473839496220623}
2025-06-03T15:35:52.714110+0200 INFO Run 1 terminé, run_id=2d59861d877d4bfeb4b840057e62c6af
2025-06-03T15:35:52.749112+0200 INFO Starting training iteration 2 of 3
2025-06-03T15:35:52.773112+0200 INFO Loading model from previous run_id: 2d59861d877d4bfeb4b840057e62c6af
2025-06-03T15:36:10.207673+0200 INFO Model performances: {'MSE': 13522072.547701154, 'MAE': 2402.221304291322, 'R²': 0.8750873722322421}
2025-06-03T15:36:21.186668+0200 INFO Run 2 terminé, run_id=4b7010c331b746c195b234570d4cfac6
2025-06-03T15:36:21.222672+0200 INFO Starting training iteration 3 of 3
2025-06-03T15:36:21.248669+0200 INFO Loading model from previous run_id: 4b7010c331b746c195b234570d4cfac6
2025-06-03T15:36:42.187669+0200 INFO Model performances: {'MSE': 13464165.329878282, 'MAE': 2390.0097646998474, 'R²': 0.875622300788457}
2025-06-03T15:36:53.115667+0200 INFO Run 3 terminé, run_id=bbcead82a4a04f7285224358c4bf3b51
2025-06-03T15:43:54.766848+0200 INFO Starting training iteration 0 of 3
2025-06-03T15:43:54.797849+0200 INFO No previous run_id, creating new model.
2025-06-03T15:46:49.097483+0200 INFO Starting training iteration 0 of 3
2025-06-03T15:46:49.127482+0200 INFO No previous run_id, creating new model.
2025-06-03T15:49:27.038931+0200 INFO Starting training iteration 0 of 3
2025-06-03T15:49:27.068934+0200 INFO No previous run_id, creating new model.
2025-06-03T15:49:36.504933+0200 INFO Model performances: {'MSE': 35830832.10577181, 'MAE': 4895.426619786997, 'R²': 0.7558620355689395}
2025-06-03T15:49:50.372931+0200 INFO Run 1 terminé, run_id=489ef842d61445e2991dd1931c3115c4
2025-06-03T15:49:50.403932+0200 INFO Starting training iteration 1 of 3
2025-06-03T15:49:50.422931+0200 INFO Loading model from previous run_id: 489ef842d61445e2991dd1931c3115c4
2025-06-03T15:50:01.976506+0200 INFO Model performances: {'MSE': 21205001.323299814, 'MAE': 3548.4012649844317, 'R²': 0.8555170071533329}
2025-06-03T15:50:12.980505+0200 INFO Run 2 terminé, run_id=5956c176dd164c1696722c9a55f15e1a
2025-06-03T15:50:13.012505+0200 INFO Starting training iteration 2 of 3
2025-06-03T15:50:13.036505+0200 INFO Loading model from previous run_id: 5956c176dd164c1696722c9a55f15e1a
2025-06-03T15:50:24.109504+0200 INFO Model performances: {'MSE': 21119603.482409358, 'MAE': 3498.6753742756405, 'R²': 0.8560988762815813}
2025-06-03T15:50:34.930524+0200 INFO Run 3 terminé, run_id=b5108d0978eb427987cf20c97aa85e12
2025-06-03T15:54:30.905260+0200 INFO Starting training iteration 0 of 3
2025-06-03T15:54:30.931260+0200 INFO No previous run_id, creating new model.
2025-06-03T15:56:43.768438+0200 INFO Starting training iteration 0 of 3
2025-06-03T15:56:43.799439+0200 INFO No previous run_id, creating new model.
2025-06-03T15:56:54.664441+0200 INFO Model performances: {'MSE': 30315627.761799775, 'MAE': 4427.5048639183005, 'R²': 0.7934405868563872}
2025-06-03T15:57:09.067469+0200 INFO Run 1 terminé, run_id=e3140dab448a4e628c2d234093678aca
2025-06-03T15:57:09.098472+0200 INFO Starting training iteration 1 of 3
2025-06-03T15:57:09.118471+0200 INFO Loading model from previous run_id: e3140dab448a4e628c2d234093678aca
2025-06-03T15:57:19.874470+0200 INFO Model performances: {'MSE': 21063293.000747114, 'MAE': 3505.6828518747748, 'R²': 0.8564825549616792}
2025-06-03T15:57:31.374471+0200 INFO Run 2 terminé, run_id=272a8d52dbb54e50aa1410c53973a884
2025-06-03T15:57:31.407471+0200 INFO Starting training iteration 2 of 3
2025-06-03T15:57:31.432472+0200 INFO Loading model from previous run_id: 272a8d52dbb54e50aa1410c53973a884
2025-06-03T15:57:42.791472+0200 INFO Model performances: {'MSE': 21076307.38278152, 'MAE': 3502.3725065312647, 'R²': 0.8563938798025641}
2025-06-03T15:57:53.995470+0200 INFO Run 3 terminé, run_id=a80c5b71561349ee9ad44f67b6cde0fa
2025-06-03T15:58:31.050022+0200 INFO Starting training iteration 0 of 3
2025-06-03T15:58:31.075022+0200 INFO No previous run_id, creating new model.
2025-06-03T15:58:40.413023+0200 INFO Model performances: {'MSE': 15849934.8758353, 'MAE': 2741.7701725712673, 'R²': 0.8535833165881803}
2025-06-03T15:58:53.738022+0200 INFO Run 1 terminé, run_id=04087fe59a6a4f9ea0b1b05a38786ccc
2025-06-03T15:58:53.771022+0200 INFO Starting training iteration 1 of 3
2025-06-03T15:58:53.790022+0200 INFO Loading model from previous run_id: 04087fe59a6a4f9ea0b1b05a38786ccc
2025-06-03T15:59:05.012757+0200 INFO Model performances: {'MSE': 13543218.96953372, 'MAE': 2406.351680336063, 'R²': 0.8748920282781498}
2025-06-03T15:59:15.705754+0200 INFO Run 2 terminé, run_id=98861c21c1334130a8ebf7acaadb9d9a
2025-06-03T15:59:15.736755+0200 INFO Starting training iteration 2 of 3
2025-06-03T15:59:15.756756+0200 INFO Loading model from previous run_id: 98861c21c1334130a8ebf7acaadb9d9a
2025-06-03T15:59:27.296755+0200 INFO Model performances: {'MSE': 13517708.355886508, 'MAE': 2393.0770832520157, 'R²': 0.8751276872553813}
2025-06-03T15:59:38.019756+0200 INFO Run 3 terminé, run_id=d84d764851cd421093d42b738e8dd140
